2023/06/11 17:56:44 - mmengine - INFO - 
------------------------------------------------------------
System environment:
    sys.platform: linux
    Python: 3.8.16 (default, Mar  2 2023, 03:21:46) [GCC 11.2.0]
    CUDA available: True
    numpy_random_seed: 237508386
    GPU 0: NVIDIA GeForce RTX 3070 Ti Laptop GPU
    CUDA_HOME: /usr/local/cuda
    NVCC: Cuda compilation tools, release 11.4, V11.4.48
    GCC: gcc (Ubuntu 7.5.0-3ubuntu1~18.04) 7.5.0
    PyTorch: 1.10.0+cu111
    PyTorch compiling details: PyTorch built with:
  - GCC 7.3
  - C++ Version: 201402
  - Intel(R) Math Kernel Library Version 2020.0.0 Product Build 20191122 for Intel(R) 64 architecture applications
  - Intel(R) MKL-DNN v2.2.3 (Git Hash 7336ca9f055cf1bfa13efb658fe15dc9b41f0740)
  - OpenMP 201511 (a.k.a. OpenMP 4.5)
  - LAPACK is enabled (usually provided by MKL)
  - NNPACK is enabled
  - CPU capability usage: AVX2
  - CUDA Runtime 11.1
  - NVCC architecture flags: -gencode;arch=compute_37,code=sm_37;-gencode;arch=compute_50,code=sm_50;-gencode;arch=compute_60,code=sm_60;-gencode;arch=compute_70,code=sm_70;-gencode;arch=compute_75,code=sm_75;-gencode;arch=compute_80,code=sm_80;-gencode;arch=compute_86,code=sm_86
  - CuDNN 8.0.5
  - Magma 2.5.2
  - Build settings: BLAS_INFO=mkl, BUILD_TYPE=Release, CUDA_VERSION=11.1, CUDNN_VERSION=8.0.5, CXX_COMPILER=/opt/rh/devtoolset-7/root/usr/bin/c++, CXX_FLAGS= -Wno-deprecated -fvisibility-inlines-hidden -DUSE_PTHREADPOOL -fopenmp -DNDEBUG -DUSE_KINETO -DUSE_FBGEMM -DUSE_QNNPACK -DUSE_PYTORCH_QNNPACK -DUSE_XNNPACK -DSYMBOLICATE_MOBILE_DEBUG_HANDLE -DEDGE_PROFILER_USE_KINETO -O2 -fPIC -Wno-narrowing -Wall -Wextra -Werror=return-type -Wno-missing-field-initializers -Wno-type-limits -Wno-array-bounds -Wno-unknown-pragmas -Wno-sign-compare -Wno-unused-parameter -Wno-unused-variable -Wno-unused-function -Wno-unused-result -Wno-unused-local-typedefs -Wno-strict-overflow -Wno-strict-aliasing -Wno-error=deprecated-declarations -Wno-stringop-overflow -Wno-psabi -Wno-error=pedantic -Wno-error=redundant-decls -Wno-error=old-style-cast -fdiagnostics-color=always -faligned-new -Wno-unused-but-set-variable -Wno-maybe-uninitialized -fno-math-errno -fno-trapping-math -Werror=format -Wno-stringop-overflow, LAPACK_INFO=mkl, PERF_WITH_AVX=1, PERF_WITH_AVX2=1, PERF_WITH_AVX512=1, TORCH_VERSION=1.10.0, USE_CUDA=ON, USE_CUDNN=ON, USE_EXCEPTION_PTR=1, USE_GFLAGS=OFF, USE_GLOG=OFF, USE_MKL=ON, USE_MKLDNN=ON, USE_MPI=OFF, USE_NCCL=ON, USE_NNPACK=ON, USE_OPENMP=ON, 

    TorchVision: 0.11.0+cu111
    OpenCV: 4.7.0
    MMEngine: 0.7.4

Runtime environment:
    cudnn_benchmark: False
    mp_cfg: {'mp_start_method': 'fork', 'opencv_num_threads': 0}
    dist_cfg: {'backend': 'nccl'}
    seed: 237508386
    deterministic: False
    Distributed launcher: none
    Distributed training: False
    GPU number: 1
------------------------------------------------------------

2023/06/11 17:56:44 - mmengine - INFO - Config:
model = dict(
    type='ImageClassifier',
    backbone=dict(
        type='ResNet',
        depth=50,
        num_stages=4,
        out_indices=(3, ),
        style='pytorch'),
    neck=dict(type='GlobalAveragePooling'),
    head=dict(
        type='LinearClsHead',
        num_classes=30,
        in_channels=2048,
        loss=dict(type='CrossEntropyLoss', loss_weight=1.0),
        topk=(1, 5)),
    init_cfg=dict(
        type='Pretrained',
        checkpoint=
        'https://download.openmmlab.com/mmclassification/v0/resnet/resnet50_8xb32_in1k_20210831-ea4938fc.pth'
    ))
dataset_type = 'CustomDataset'
data_preprocessor = dict(
    num_classes=30,
    mean=[123.675, 116.28, 103.53],
    std=[58.395, 57.12, 57.375],
    to_rgb=True)
train_pipeline = [
    dict(type='LoadImageFromFile'),
    dict(type='RandomResizedCrop', scale=224),
    dict(type='RandomFlip', prob=0.5, direction='horizontal'),
    dict(type='PackInputs')
]
test_pipeline = [
    dict(type='LoadImageFromFile'),
    dict(type='ResizeEdge', scale=256, edge='short'),
    dict(type='CenterCrop', crop_size=224),
    dict(type='PackInputs')
]
train_dataloader = dict(
    pin_memory=True,
    persistent_workers=True,
    collate_fn=dict(type='default_collate'),
    batch_size=12,
    num_workers=2,
    dataset=dict(
        type='CustomDataset',
        data_root=
        '/home/hanhan/cc_wrod/develop/mmlab/mmpretrain/datasets/fruit30/train',
        pipeline=[
            dict(type='LoadImageFromFile'),
            dict(type='RandomResizedCrop', scale=224),
            dict(type='RandomFlip', prob=0.5, direction='horizontal'),
            dict(type='PackInputs')
        ]),
    sampler=dict(type='DefaultSampler', shuffle=True))
val_dataloader = dict(
    pin_memory=True,
    persistent_workers=True,
    collate_fn=dict(type='default_collate'),
    batch_size=4,
    num_workers=1,
    dataset=dict(
        type='CustomDataset',
        data_root=
        '/home/hanhan/cc_wrod/develop/mmlab/mmpretrain/datasets/fruit30/val',
        pipeline=[
            dict(type='LoadImageFromFile'),
            dict(type='ResizeEdge', scale=256, edge='short'),
            dict(type='CenterCrop', crop_size=224),
            dict(type='PackInputs')
        ]),
    sampler=dict(type='DefaultSampler', shuffle=False))
val_evaluator = dict(type='Accuracy', topk=(1, 5))
test_dataloader = dict(
    pin_memory=True,
    persistent_workers=True,
    collate_fn=dict(type='default_collate'),
    batch_size=4,
    num_workers=1,
    dataset=dict(
        type='CustomDataset',
        data_root=
        '/home/hanhan/cc_wrod/develop/mmlab/mmpretrain/datasets/fruit30/val',
        pipeline=[
            dict(type='LoadImageFromFile'),
            dict(type='ResizeEdge', scale=256, edge='short'),
            dict(type='CenterCrop', crop_size=224),
            dict(type='PackInputs')
        ]),
    sampler=dict(type='DefaultSampler', shuffle=False))
test_evaluator = dict(type='Accuracy', topk=(1, 5))
optim_wrapper = dict(
    optimizer=dict(type='SGD', lr=0.01, momentum=0.9, weight_decay=0.0001))
param_scheduler = [
    dict(
        type='LinearLR', start_factor=0.25, by_epoch=False, begin=0, end=2500),
    dict(
        type='MultiStepLR', by_epoch=True, milestones=[30, 60, 90], gamma=0.1)
]
train_cfg = dict(by_epoch=True, max_epochs=100, val_interval=5)
val_cfg = dict()
test_cfg = dict()
default_scope = 'mmpretrain'
default_hooks = dict(
    timer=dict(type='IterTimerHook'),
    logger=dict(type='LoggerHook', interval=100),
    param_scheduler=dict(type='ParamSchedulerHook'),
    checkpoint=dict(
        type='CheckpointHook', interval=10, max_keep_ckpts=5,
        save_best='auto'),
    sampler_seed=dict(type='DistSamplerSeedHook'),
    visualization=dict(type='VisualizationHook', enable=False))
env_cfg = dict(
    cudnn_benchmark=False,
    mp_cfg=dict(mp_start_method='fork', opencv_num_threads=0),
    dist_cfg=dict(backend='nccl'))
vis_backends = [dict(type='LocalVisBackend')]
visualizer = dict(
    type='UniversalVisualizer', vis_backends=[dict(type='LocalVisBackend')])
log_level = 'INFO'
load_from = None
resume = False
randomness = dict(seed=None, deterministic=False)
launcher = 'none'
work_dir = './work_dirs/mcls_fruit_resnet50'

2023/06/11 17:56:56 - mmengine - INFO - Distributed training is not used, all SyncBatchNorm (SyncBN) layers in the model will be automatically reverted to BatchNormXd layers if they are used.
2023/06/11 17:56:56 - mmengine - INFO - Hooks will be executed in the following order:
before_run:
(VERY_HIGH   ) RuntimeInfoHook                    
(BELOW_NORMAL) LoggerHook                         
 -------------------- 
before_train:
(VERY_HIGH   ) RuntimeInfoHook                    
(NORMAL      ) IterTimerHook                      
(VERY_LOW    ) CheckpointHook                     
 -------------------- 
before_train_epoch:
(VERY_HIGH   ) RuntimeInfoHook                    
(NORMAL      ) IterTimerHook                      
(NORMAL      ) DistSamplerSeedHook                
 -------------------- 
before_train_iter:
(VERY_HIGH   ) RuntimeInfoHook                    
(NORMAL      ) IterTimerHook                      
 -------------------- 
after_train_iter:
(VERY_HIGH   ) RuntimeInfoHook                    
(NORMAL      ) IterTimerHook                      
(BELOW_NORMAL) LoggerHook                         
(LOW         ) ParamSchedulerHook                 
(VERY_LOW    ) CheckpointHook                     
 -------------------- 
after_train_epoch:
(NORMAL      ) IterTimerHook                      
(LOW         ) ParamSchedulerHook                 
(VERY_LOW    ) CheckpointHook                     
 -------------------- 
before_val_epoch:
(NORMAL      ) IterTimerHook                      
 -------------------- 
before_val_iter:
(NORMAL      ) IterTimerHook                      
 -------------------- 
after_val_iter:
(NORMAL      ) IterTimerHook                      
(NORMAL      ) VisualizationHook                  
(BELOW_NORMAL) LoggerHook                         
 -------------------- 
after_val_epoch:
(VERY_HIGH   ) RuntimeInfoHook                    
(NORMAL      ) IterTimerHook                      
(BELOW_NORMAL) LoggerHook                         
(LOW         ) ParamSchedulerHook                 
(VERY_LOW    ) CheckpointHook                     
 -------------------- 
after_train:
(VERY_LOW    ) CheckpointHook                     
 -------------------- 
before_test_epoch:
(NORMAL      ) IterTimerHook                      
 -------------------- 
before_test_iter:
(NORMAL      ) IterTimerHook                      
 -------------------- 
after_test_iter:
(NORMAL      ) IterTimerHook                      
(NORMAL      ) VisualizationHook                  
(BELOW_NORMAL) LoggerHook                         
 -------------------- 
after_test_epoch:
(VERY_HIGH   ) RuntimeInfoHook                    
(NORMAL      ) IterTimerHook                      
(BELOW_NORMAL) LoggerHook                         
 -------------------- 
after_run:
(BELOW_NORMAL) LoggerHook                         
 -------------------- 
2023/06/11 17:56:56 - mmengine - WARNING - Found no valid file in the folder 脐橙, 火龙果, 西红柿, 杨梅, 榴莲, 哈密瓜, 石榴. Supported extensions are: .jpg, .ppm, .tif, .png, .bmp, .jpeg, .pgm
2023/06/11 17:56:57 - mmengine - INFO - load model from: https://download.openmmlab.com/mmclassification/v0/resnet/resnet50_8xb32_in1k_20210831-ea4938fc.pth
2023/06/11 17:56:57 - mmengine - INFO - Loads checkpoint by http backend from path: https://download.openmmlab.com/mmclassification/v0/resnet/resnet50_8xb32_in1k_20210831-ea4938fc.pth
2023/06/11 17:56:57 - mmengine - WARNING - The model and loaded state dict do not match exactly

size mismatch for head.fc.weight: copying a param with shape torch.Size([1000, 2048]) from checkpoint, the shape in current model is torch.Size([30, 2048]).
size mismatch for head.fc.bias: copying a param with shape torch.Size([1000]) from checkpoint, the shape in current model is torch.Size([30]).
Name of parameter - Initialization information

backbone.conv1.weight - torch.Size([64, 3, 7, 7]): 
PretrainedInit: load from https://download.openmmlab.com/mmclassification/v0/resnet/resnet50_8xb32_in1k_20210831-ea4938fc.pth 

backbone.bn1.weight - torch.Size([64]): 
PretrainedInit: load from https://download.openmmlab.com/mmclassification/v0/resnet/resnet50_8xb32_in1k_20210831-ea4938fc.pth 

backbone.bn1.bias - torch.Size([64]): 
PretrainedInit: load from https://download.openmmlab.com/mmclassification/v0/resnet/resnet50_8xb32_in1k_20210831-ea4938fc.pth 

backbone.layer1.0.conv1.weight - torch.Size([64, 64, 1, 1]): 
PretrainedInit: load from https://download.openmmlab.com/mmclassification/v0/resnet/resnet50_8xb32_in1k_20210831-ea4938fc.pth 

backbone.layer1.0.bn1.weight - torch.Size([64]): 
PretrainedInit: load from https://download.openmmlab.com/mmclassification/v0/resnet/resnet50_8xb32_in1k_20210831-ea4938fc.pth 

backbone.layer1.0.bn1.bias - torch.Size([64]): 
PretrainedInit: load from https://download.openmmlab.com/mmclassification/v0/resnet/resnet50_8xb32_in1k_20210831-ea4938fc.pth 

backbone.layer1.0.conv2.weight - torch.Size([64, 64, 3, 3]): 
PretrainedInit: load from https://download.openmmlab.com/mmclassification/v0/resnet/resnet50_8xb32_in1k_20210831-ea4938fc.pth 

backbone.layer1.0.bn2.weight - torch.Size([64]): 
PretrainedInit: load from https://download.openmmlab.com/mmclassification/v0/resnet/resnet50_8xb32_in1k_20210831-ea4938fc.pth 

backbone.layer1.0.bn2.bias - torch.Size([64]): 
PretrainedInit: load from https://download.openmmlab.com/mmclassification/v0/resnet/resnet50_8xb32_in1k_20210831-ea4938fc.pth 

backbone.layer1.0.conv3.weight - torch.Size([256, 64, 1, 1]): 
PretrainedInit: load from https://download.openmmlab.com/mmclassification/v0/resnet/resnet50_8xb32_in1k_20210831-ea4938fc.pth 

backbone.layer1.0.bn3.weight - torch.Size([256]): 
PretrainedInit: load from https://download.openmmlab.com/mmclassification/v0/resnet/resnet50_8xb32_in1k_20210831-ea4938fc.pth 

backbone.layer1.0.bn3.bias - torch.Size([256]): 
PretrainedInit: load from https://download.openmmlab.com/mmclassification/v0/resnet/resnet50_8xb32_in1k_20210831-ea4938fc.pth 

backbone.layer1.0.downsample.0.weight - torch.Size([256, 64, 1, 1]): 
PretrainedInit: load from https://download.openmmlab.com/mmclassification/v0/resnet/resnet50_8xb32_in1k_20210831-ea4938fc.pth 

backbone.layer1.0.downsample.1.weight - torch.Size([256]): 
PretrainedInit: load from https://download.openmmlab.com/mmclassification/v0/resnet/resnet50_8xb32_in1k_20210831-ea4938fc.pth 

backbone.layer1.0.downsample.1.bias - torch.Size([256]): 
PretrainedInit: load from https://download.openmmlab.com/mmclassification/v0/resnet/resnet50_8xb32_in1k_20210831-ea4938fc.pth 

backbone.layer1.1.conv1.weight - torch.Size([64, 256, 1, 1]): 
PretrainedInit: load from https://download.openmmlab.com/mmclassification/v0/resnet/resnet50_8xb32_in1k_20210831-ea4938fc.pth 

backbone.layer1.1.bn1.weight - torch.Size([64]): 
PretrainedInit: load from https://download.openmmlab.com/mmclassification/v0/resnet/resnet50_8xb32_in1k_20210831-ea4938fc.pth 

backbone.layer1.1.bn1.bias - torch.Size([64]): 
PretrainedInit: load from https://download.openmmlab.com/mmclassification/v0/resnet/resnet50_8xb32_in1k_20210831-ea4938fc.pth 

backbone.layer1.1.conv2.weight - torch.Size([64, 64, 3, 3]): 
PretrainedInit: load from https://download.openmmlab.com/mmclassification/v0/resnet/resnet50_8xb32_in1k_20210831-ea4938fc.pth 

backbone.layer1.1.bn2.weight - torch.Size([64]): 
PretrainedInit: load from https://download.openmmlab.com/mmclassification/v0/resnet/resnet50_8xb32_in1k_20210831-ea4938fc.pth 

backbone.layer1.1.bn2.bias - torch.Size([64]): 
PretrainedInit: load from https://download.openmmlab.com/mmclassification/v0/resnet/resnet50_8xb32_in1k_20210831-ea4938fc.pth 

backbone.layer1.1.conv3.weight - torch.Size([256, 64, 1, 1]): 
PretrainedInit: load from https://download.openmmlab.com/mmclassification/v0/resnet/resnet50_8xb32_in1k_20210831-ea4938fc.pth 

backbone.layer1.1.bn3.weight - torch.Size([256]): 
PretrainedInit: load from https://download.openmmlab.com/mmclassification/v0/resnet/resnet50_8xb32_in1k_20210831-ea4938fc.pth 

backbone.layer1.1.bn3.bias - torch.Size([256]): 
PretrainedInit: load from https://download.openmmlab.com/mmclassification/v0/resnet/resnet50_8xb32_in1k_20210831-ea4938fc.pth 

backbone.layer1.2.conv1.weight - torch.Size([64, 256, 1, 1]): 
PretrainedInit: load from https://download.openmmlab.com/mmclassification/v0/resnet/resnet50_8xb32_in1k_20210831-ea4938fc.pth 

backbone.layer1.2.bn1.weight - torch.Size([64]): 
PretrainedInit: load from https://download.openmmlab.com/mmclassification/v0/resnet/resnet50_8xb32_in1k_20210831-ea4938fc.pth 

backbone.layer1.2.bn1.bias - torch.Size([64]): 
PretrainedInit: load from https://download.openmmlab.com/mmclassification/v0/resnet/resnet50_8xb32_in1k_20210831-ea4938fc.pth 

backbone.layer1.2.conv2.weight - torch.Size([64, 64, 3, 3]): 
PretrainedInit: load from https://download.openmmlab.com/mmclassification/v0/resnet/resnet50_8xb32_in1k_20210831-ea4938fc.pth 

backbone.layer1.2.bn2.weight - torch.Size([64]): 
PretrainedInit: load from https://download.openmmlab.com/mmclassification/v0/resnet/resnet50_8xb32_in1k_20210831-ea4938fc.pth 

backbone.layer1.2.bn2.bias - torch.Size([64]): 
PretrainedInit: load from https://download.openmmlab.com/mmclassification/v0/resnet/resnet50_8xb32_in1k_20210831-ea4938fc.pth 

backbone.layer1.2.conv3.weight - torch.Size([256, 64, 1, 1]): 
PretrainedInit: load from https://download.openmmlab.com/mmclassification/v0/resnet/resnet50_8xb32_in1k_20210831-ea4938fc.pth 

backbone.layer1.2.bn3.weight - torch.Size([256]): 
PretrainedInit: load from https://download.openmmlab.com/mmclassification/v0/resnet/resnet50_8xb32_in1k_20210831-ea4938fc.pth 

backbone.layer1.2.bn3.bias - torch.Size([256]): 
PretrainedInit: load from https://download.openmmlab.com/mmclassification/v0/resnet/resnet50_8xb32_in1k_20210831-ea4938fc.pth 

backbone.layer2.0.conv1.weight - torch.Size([128, 256, 1, 1]): 
PretrainedInit: load from https://download.openmmlab.com/mmclassification/v0/resnet/resnet50_8xb32_in1k_20210831-ea4938fc.pth 

backbone.layer2.0.bn1.weight - torch.Size([128]): 
PretrainedInit: load from https://download.openmmlab.com/mmclassification/v0/resnet/resnet50_8xb32_in1k_20210831-ea4938fc.pth 

backbone.layer2.0.bn1.bias - torch.Size([128]): 
PretrainedInit: load from https://download.openmmlab.com/mmclassification/v0/resnet/resnet50_8xb32_in1k_20210831-ea4938fc.pth 

backbone.layer2.0.conv2.weight - torch.Size([128, 128, 3, 3]): 
PretrainedInit: load from https://download.openmmlab.com/mmclassification/v0/resnet/resnet50_8xb32_in1k_20210831-ea4938fc.pth 

backbone.layer2.0.bn2.weight - torch.Size([128]): 
PretrainedInit: load from https://download.openmmlab.com/mmclassification/v0/resnet/resnet50_8xb32_in1k_20210831-ea4938fc.pth 

backbone.layer2.0.bn2.bias - torch.Size([128]): 
PretrainedInit: load from https://download.openmmlab.com/mmclassification/v0/resnet/resnet50_8xb32_in1k_20210831-ea4938fc.pth 

backbone.layer2.0.conv3.weight - torch.Size([512, 128, 1, 1]): 
PretrainedInit: load from https://download.openmmlab.com/mmclassification/v0/resnet/resnet50_8xb32_in1k_20210831-ea4938fc.pth 

backbone.layer2.0.bn3.weight - torch.Size([512]): 
PretrainedInit: load from https://download.openmmlab.com/mmclassification/v0/resnet/resnet50_8xb32_in1k_20210831-ea4938fc.pth 

backbone.layer2.0.bn3.bias - torch.Size([512]): 
PretrainedInit: load from https://download.openmmlab.com/mmclassification/v0/resnet/resnet50_8xb32_in1k_20210831-ea4938fc.pth 

backbone.layer2.0.downsample.0.weight - torch.Size([512, 256, 1, 1]): 
PretrainedInit: load from https://download.openmmlab.com/mmclassification/v0/resnet/resnet50_8xb32_in1k_20210831-ea4938fc.pth 

backbone.layer2.0.downsample.1.weight - torch.Size([512]): 
PretrainedInit: load from https://download.openmmlab.com/mmclassification/v0/resnet/resnet50_8xb32_in1k_20210831-ea4938fc.pth 

backbone.layer2.0.downsample.1.bias - torch.Size([512]): 
PretrainedInit: load from https://download.openmmlab.com/mmclassification/v0/resnet/resnet50_8xb32_in1k_20210831-ea4938fc.pth 

backbone.layer2.1.conv1.weight - torch.Size([128, 512, 1, 1]): 
PretrainedInit: load from https://download.openmmlab.com/mmclassification/v0/resnet/resnet50_8xb32_in1k_20210831-ea4938fc.pth 

backbone.layer2.1.bn1.weight - torch.Size([128]): 
PretrainedInit: load from https://download.openmmlab.com/mmclassification/v0/resnet/resnet50_8xb32_in1k_20210831-ea4938fc.pth 

backbone.layer2.1.bn1.bias - torch.Size([128]): 
PretrainedInit: load from https://download.openmmlab.com/mmclassification/v0/resnet/resnet50_8xb32_in1k_20210831-ea4938fc.pth 

backbone.layer2.1.conv2.weight - torch.Size([128, 128, 3, 3]): 
PretrainedInit: load from https://download.openmmlab.com/mmclassification/v0/resnet/resnet50_8xb32_in1k_20210831-ea4938fc.pth 

backbone.layer2.1.bn2.weight - torch.Size([128]): 
PretrainedInit: load from https://download.openmmlab.com/mmclassification/v0/resnet/resnet50_8xb32_in1k_20210831-ea4938fc.pth 

backbone.layer2.1.bn2.bias - torch.Size([128]): 
PretrainedInit: load from https://download.openmmlab.com/mmclassification/v0/resnet/resnet50_8xb32_in1k_20210831-ea4938fc.pth 

backbone.layer2.1.conv3.weight - torch.Size([512, 128, 1, 1]): 
PretrainedInit: load from https://download.openmmlab.com/mmclassification/v0/resnet/resnet50_8xb32_in1k_20210831-ea4938fc.pth 

backbone.layer2.1.bn3.weight - torch.Size([512]): 
PretrainedInit: load from https://download.openmmlab.com/mmclassification/v0/resnet/resnet50_8xb32_in1k_20210831-ea4938fc.pth 

backbone.layer2.1.bn3.bias - torch.Size([512]): 
PretrainedInit: load from https://download.openmmlab.com/mmclassification/v0/resnet/resnet50_8xb32_in1k_20210831-ea4938fc.pth 

backbone.layer2.2.conv1.weight - torch.Size([128, 512, 1, 1]): 
PretrainedInit: load from https://download.openmmlab.com/mmclassification/v0/resnet/resnet50_8xb32_in1k_20210831-ea4938fc.pth 

backbone.layer2.2.bn1.weight - torch.Size([128]): 
PretrainedInit: load from https://download.openmmlab.com/mmclassification/v0/resnet/resnet50_8xb32_in1k_20210831-ea4938fc.pth 

backbone.layer2.2.bn1.bias - torch.Size([128]): 
PretrainedInit: load from https://download.openmmlab.com/mmclassification/v0/resnet/resnet50_8xb32_in1k_20210831-ea4938fc.pth 

backbone.layer2.2.conv2.weight - torch.Size([128, 128, 3, 3]): 
PretrainedInit: load from https://download.openmmlab.com/mmclassification/v0/resnet/resnet50_8xb32_in1k_20210831-ea4938fc.pth 

backbone.layer2.2.bn2.weight - torch.Size([128]): 
PretrainedInit: load from https://download.openmmlab.com/mmclassification/v0/resnet/resnet50_8xb32_in1k_20210831-ea4938fc.pth 

backbone.layer2.2.bn2.bias - torch.Size([128]): 
PretrainedInit: load from https://download.openmmlab.com/mmclassification/v0/resnet/resnet50_8xb32_in1k_20210831-ea4938fc.pth 

backbone.layer2.2.conv3.weight - torch.Size([512, 128, 1, 1]): 
PretrainedInit: load from https://download.openmmlab.com/mmclassification/v0/resnet/resnet50_8xb32_in1k_20210831-ea4938fc.pth 

backbone.layer2.2.bn3.weight - torch.Size([512]): 
PretrainedInit: load from https://download.openmmlab.com/mmclassification/v0/resnet/resnet50_8xb32_in1k_20210831-ea4938fc.pth 

backbone.layer2.2.bn3.bias - torch.Size([512]): 
PretrainedInit: load from https://download.openmmlab.com/mmclassification/v0/resnet/resnet50_8xb32_in1k_20210831-ea4938fc.pth 

backbone.layer2.3.conv1.weight - torch.Size([128, 512, 1, 1]): 
PretrainedInit: load from https://download.openmmlab.com/mmclassification/v0/resnet/resnet50_8xb32_in1k_20210831-ea4938fc.pth 

backbone.layer2.3.bn1.weight - torch.Size([128]): 
PretrainedInit: load from https://download.openmmlab.com/mmclassification/v0/resnet/resnet50_8xb32_in1k_20210831-ea4938fc.pth 

backbone.layer2.3.bn1.bias - torch.Size([128]): 
PretrainedInit: load from https://download.openmmlab.com/mmclassification/v0/resnet/resnet50_8xb32_in1k_20210831-ea4938fc.pth 

backbone.layer2.3.conv2.weight - torch.Size([128, 128, 3, 3]): 
PretrainedInit: load from https://download.openmmlab.com/mmclassification/v0/resnet/resnet50_8xb32_in1k_20210831-ea4938fc.pth 

backbone.layer2.3.bn2.weight - torch.Size([128]): 
PretrainedInit: load from https://download.openmmlab.com/mmclassification/v0/resnet/resnet50_8xb32_in1k_20210831-ea4938fc.pth 

backbone.layer2.3.bn2.bias - torch.Size([128]): 
PretrainedInit: load from https://download.openmmlab.com/mmclassification/v0/resnet/resnet50_8xb32_in1k_20210831-ea4938fc.pth 

backbone.layer2.3.conv3.weight - torch.Size([512, 128, 1, 1]): 
PretrainedInit: load from https://download.openmmlab.com/mmclassification/v0/resnet/resnet50_8xb32_in1k_20210831-ea4938fc.pth 

backbone.layer2.3.bn3.weight - torch.Size([512]): 
PretrainedInit: load from https://download.openmmlab.com/mmclassification/v0/resnet/resnet50_8xb32_in1k_20210831-ea4938fc.pth 

backbone.layer2.3.bn3.bias - torch.Size([512]): 
PretrainedInit: load from https://download.openmmlab.com/mmclassification/v0/resnet/resnet50_8xb32_in1k_20210831-ea4938fc.pth 

backbone.layer3.0.conv1.weight - torch.Size([256, 512, 1, 1]): 
PretrainedInit: load from https://download.openmmlab.com/mmclassification/v0/resnet/resnet50_8xb32_in1k_20210831-ea4938fc.pth 

backbone.layer3.0.bn1.weight - torch.Size([256]): 
PretrainedInit: load from https://download.openmmlab.com/mmclassification/v0/resnet/resnet50_8xb32_in1k_20210831-ea4938fc.pth 

backbone.layer3.0.bn1.bias - torch.Size([256]): 
PretrainedInit: load from https://download.openmmlab.com/mmclassification/v0/resnet/resnet50_8xb32_in1k_20210831-ea4938fc.pth 

backbone.layer3.0.conv2.weight - torch.Size([256, 256, 3, 3]): 
PretrainedInit: load from https://download.openmmlab.com/mmclassification/v0/resnet/resnet50_8xb32_in1k_20210831-ea4938fc.pth 

backbone.layer3.0.bn2.weight - torch.Size([256]): 
PretrainedInit: load from https://download.openmmlab.com/mmclassification/v0/resnet/resnet50_8xb32_in1k_20210831-ea4938fc.pth 

backbone.layer3.0.bn2.bias - torch.Size([256]): 
PretrainedInit: load from https://download.openmmlab.com/mmclassification/v0/resnet/resnet50_8xb32_in1k_20210831-ea4938fc.pth 

backbone.layer3.0.conv3.weight - torch.Size([1024, 256, 1, 1]): 
PretrainedInit: load from https://download.openmmlab.com/mmclassification/v0/resnet/resnet50_8xb32_in1k_20210831-ea4938fc.pth 

backbone.layer3.0.bn3.weight - torch.Size([1024]): 
PretrainedInit: load from https://download.openmmlab.com/mmclassification/v0/resnet/resnet50_8xb32_in1k_20210831-ea4938fc.pth 

backbone.layer3.0.bn3.bias - torch.Size([1024]): 
PretrainedInit: load from https://download.openmmlab.com/mmclassification/v0/resnet/resnet50_8xb32_in1k_20210831-ea4938fc.pth 

backbone.layer3.0.downsample.0.weight - torch.Size([1024, 512, 1, 1]): 
PretrainedInit: load from https://download.openmmlab.com/mmclassification/v0/resnet/resnet50_8xb32_in1k_20210831-ea4938fc.pth 

backbone.layer3.0.downsample.1.weight - torch.Size([1024]): 
PretrainedInit: load from https://download.openmmlab.com/mmclassification/v0/resnet/resnet50_8xb32_in1k_20210831-ea4938fc.pth 

backbone.layer3.0.downsample.1.bias - torch.Size([1024]): 
PretrainedInit: load from https://download.openmmlab.com/mmclassification/v0/resnet/resnet50_8xb32_in1k_20210831-ea4938fc.pth 

backbone.layer3.1.conv1.weight - torch.Size([256, 1024, 1, 1]): 
PretrainedInit: load from https://download.openmmlab.com/mmclassification/v0/resnet/resnet50_8xb32_in1k_20210831-ea4938fc.pth 

backbone.layer3.1.bn1.weight - torch.Size([256]): 
PretrainedInit: load from https://download.openmmlab.com/mmclassification/v0/resnet/resnet50_8xb32_in1k_20210831-ea4938fc.pth 

backbone.layer3.1.bn1.bias - torch.Size([256]): 
PretrainedInit: load from https://download.openmmlab.com/mmclassification/v0/resnet/resnet50_8xb32_in1k_20210831-ea4938fc.pth 

backbone.layer3.1.conv2.weight - torch.Size([256, 256, 3, 3]): 
PretrainedInit: load from https://download.openmmlab.com/mmclassification/v0/resnet/resnet50_8xb32_in1k_20210831-ea4938fc.pth 

backbone.layer3.1.bn2.weight - torch.Size([256]): 
PretrainedInit: load from https://download.openmmlab.com/mmclassification/v0/resnet/resnet50_8xb32_in1k_20210831-ea4938fc.pth 

backbone.layer3.1.bn2.bias - torch.Size([256]): 
PretrainedInit: load from https://download.openmmlab.com/mmclassification/v0/resnet/resnet50_8xb32_in1k_20210831-ea4938fc.pth 

backbone.layer3.1.conv3.weight - torch.Size([1024, 256, 1, 1]): 
PretrainedInit: load from https://download.openmmlab.com/mmclassification/v0/resnet/resnet50_8xb32_in1k_20210831-ea4938fc.pth 

backbone.layer3.1.bn3.weight - torch.Size([1024]): 
PretrainedInit: load from https://download.openmmlab.com/mmclassification/v0/resnet/resnet50_8xb32_in1k_20210831-ea4938fc.pth 

backbone.layer3.1.bn3.bias - torch.Size([1024]): 
PretrainedInit: load from https://download.openmmlab.com/mmclassification/v0/resnet/resnet50_8xb32_in1k_20210831-ea4938fc.pth 

backbone.layer3.2.conv1.weight - torch.Size([256, 1024, 1, 1]): 
PretrainedInit: load from https://download.openmmlab.com/mmclassification/v0/resnet/resnet50_8xb32_in1k_20210831-ea4938fc.pth 

backbone.layer3.2.bn1.weight - torch.Size([256]): 
PretrainedInit: load from https://download.openmmlab.com/mmclassification/v0/resnet/resnet50_8xb32_in1k_20210831-ea4938fc.pth 

backbone.layer3.2.bn1.bias - torch.Size([256]): 
PretrainedInit: load from https://download.openmmlab.com/mmclassification/v0/resnet/resnet50_8xb32_in1k_20210831-ea4938fc.pth 

backbone.layer3.2.conv2.weight - torch.Size([256, 256, 3, 3]): 
PretrainedInit: load from https://download.openmmlab.com/mmclassification/v0/resnet/resnet50_8xb32_in1k_20210831-ea4938fc.pth 

backbone.layer3.2.bn2.weight - torch.Size([256]): 
PretrainedInit: load from https://download.openmmlab.com/mmclassification/v0/resnet/resnet50_8xb32_in1k_20210831-ea4938fc.pth 

backbone.layer3.2.bn2.bias - torch.Size([256]): 
PretrainedInit: load from https://download.openmmlab.com/mmclassification/v0/resnet/resnet50_8xb32_in1k_20210831-ea4938fc.pth 

backbone.layer3.2.conv3.weight - torch.Size([1024, 256, 1, 1]): 
PretrainedInit: load from https://download.openmmlab.com/mmclassification/v0/resnet/resnet50_8xb32_in1k_20210831-ea4938fc.pth 

backbone.layer3.2.bn3.weight - torch.Size([1024]): 
PretrainedInit: load from https://download.openmmlab.com/mmclassification/v0/resnet/resnet50_8xb32_in1k_20210831-ea4938fc.pth 

backbone.layer3.2.bn3.bias - torch.Size([1024]): 
PretrainedInit: load from https://download.openmmlab.com/mmclassification/v0/resnet/resnet50_8xb32_in1k_20210831-ea4938fc.pth 

backbone.layer3.3.conv1.weight - torch.Size([256, 1024, 1, 1]): 
PretrainedInit: load from https://download.openmmlab.com/mmclassification/v0/resnet/resnet50_8xb32_in1k_20210831-ea4938fc.pth 

backbone.layer3.3.bn1.weight - torch.Size([256]): 
PretrainedInit: load from https://download.openmmlab.com/mmclassification/v0/resnet/resnet50_8xb32_in1k_20210831-ea4938fc.pth 

backbone.layer3.3.bn1.bias - torch.Size([256]): 
PretrainedInit: load from https://download.openmmlab.com/mmclassification/v0/resnet/resnet50_8xb32_in1k_20210831-ea4938fc.pth 

backbone.layer3.3.conv2.weight - torch.Size([256, 256, 3, 3]): 
PretrainedInit: load from https://download.openmmlab.com/mmclassification/v0/resnet/resnet50_8xb32_in1k_20210831-ea4938fc.pth 

backbone.layer3.3.bn2.weight - torch.Size([256]): 
PretrainedInit: load from https://download.openmmlab.com/mmclassification/v0/resnet/resnet50_8xb32_in1k_20210831-ea4938fc.pth 

backbone.layer3.3.bn2.bias - torch.Size([256]): 
PretrainedInit: load from https://download.openmmlab.com/mmclassification/v0/resnet/resnet50_8xb32_in1k_20210831-ea4938fc.pth 

backbone.layer3.3.conv3.weight - torch.Size([1024, 256, 1, 1]): 
PretrainedInit: load from https://download.openmmlab.com/mmclassification/v0/resnet/resnet50_8xb32_in1k_20210831-ea4938fc.pth 

backbone.layer3.3.bn3.weight - torch.Size([1024]): 
PretrainedInit: load from https://download.openmmlab.com/mmclassification/v0/resnet/resnet50_8xb32_in1k_20210831-ea4938fc.pth 

backbone.layer3.3.bn3.bias - torch.Size([1024]): 
PretrainedInit: load from https://download.openmmlab.com/mmclassification/v0/resnet/resnet50_8xb32_in1k_20210831-ea4938fc.pth 

backbone.layer3.4.conv1.weight - torch.Size([256, 1024, 1, 1]): 
PretrainedInit: load from https://download.openmmlab.com/mmclassification/v0/resnet/resnet50_8xb32_in1k_20210831-ea4938fc.pth 

backbone.layer3.4.bn1.weight - torch.Size([256]): 
PretrainedInit: load from https://download.openmmlab.com/mmclassification/v0/resnet/resnet50_8xb32_in1k_20210831-ea4938fc.pth 

backbone.layer3.4.bn1.bias - torch.Size([256]): 
PretrainedInit: load from https://download.openmmlab.com/mmclassification/v0/resnet/resnet50_8xb32_in1k_20210831-ea4938fc.pth 

backbone.layer3.4.conv2.weight - torch.Size([256, 256, 3, 3]): 
PretrainedInit: load from https://download.openmmlab.com/mmclassification/v0/resnet/resnet50_8xb32_in1k_20210831-ea4938fc.pth 

backbone.layer3.4.bn2.weight - torch.Size([256]): 
PretrainedInit: load from https://download.openmmlab.com/mmclassification/v0/resnet/resnet50_8xb32_in1k_20210831-ea4938fc.pth 

backbone.layer3.4.bn2.bias - torch.Size([256]): 
PretrainedInit: load from https://download.openmmlab.com/mmclassification/v0/resnet/resnet50_8xb32_in1k_20210831-ea4938fc.pth 

backbone.layer3.4.conv3.weight - torch.Size([1024, 256, 1, 1]): 
PretrainedInit: load from https://download.openmmlab.com/mmclassification/v0/resnet/resnet50_8xb32_in1k_20210831-ea4938fc.pth 

backbone.layer3.4.bn3.weight - torch.Size([1024]): 
PretrainedInit: load from https://download.openmmlab.com/mmclassification/v0/resnet/resnet50_8xb32_in1k_20210831-ea4938fc.pth 

backbone.layer3.4.bn3.bias - torch.Size([1024]): 
PretrainedInit: load from https://download.openmmlab.com/mmclassification/v0/resnet/resnet50_8xb32_in1k_20210831-ea4938fc.pth 

backbone.layer3.5.conv1.weight - torch.Size([256, 1024, 1, 1]): 
PretrainedInit: load from https://download.openmmlab.com/mmclassification/v0/resnet/resnet50_8xb32_in1k_20210831-ea4938fc.pth 

backbone.layer3.5.bn1.weight - torch.Size([256]): 
PretrainedInit: load from https://download.openmmlab.com/mmclassification/v0/resnet/resnet50_8xb32_in1k_20210831-ea4938fc.pth 

backbone.layer3.5.bn1.bias - torch.Size([256]): 
PretrainedInit: load from https://download.openmmlab.com/mmclassification/v0/resnet/resnet50_8xb32_in1k_20210831-ea4938fc.pth 

backbone.layer3.5.conv2.weight - torch.Size([256, 256, 3, 3]): 
PretrainedInit: load from https://download.openmmlab.com/mmclassification/v0/resnet/resnet50_8xb32_in1k_20210831-ea4938fc.pth 

backbone.layer3.5.bn2.weight - torch.Size([256]): 
PretrainedInit: load from https://download.openmmlab.com/mmclassification/v0/resnet/resnet50_8xb32_in1k_20210831-ea4938fc.pth 

backbone.layer3.5.bn2.bias - torch.Size([256]): 
PretrainedInit: load from https://download.openmmlab.com/mmclassification/v0/resnet/resnet50_8xb32_in1k_20210831-ea4938fc.pth 

backbone.layer3.5.conv3.weight - torch.Size([1024, 256, 1, 1]): 
PretrainedInit: load from https://download.openmmlab.com/mmclassification/v0/resnet/resnet50_8xb32_in1k_20210831-ea4938fc.pth 

backbone.layer3.5.bn3.weight - torch.Size([1024]): 
PretrainedInit: load from https://download.openmmlab.com/mmclassification/v0/resnet/resnet50_8xb32_in1k_20210831-ea4938fc.pth 

backbone.layer3.5.bn3.bias - torch.Size([1024]): 
PretrainedInit: load from https://download.openmmlab.com/mmclassification/v0/resnet/resnet50_8xb32_in1k_20210831-ea4938fc.pth 

backbone.layer4.0.conv1.weight - torch.Size([512, 1024, 1, 1]): 
PretrainedInit: load from https://download.openmmlab.com/mmclassification/v0/resnet/resnet50_8xb32_in1k_20210831-ea4938fc.pth 

backbone.layer4.0.bn1.weight - torch.Size([512]): 
PretrainedInit: load from https://download.openmmlab.com/mmclassification/v0/resnet/resnet50_8xb32_in1k_20210831-ea4938fc.pth 

backbone.layer4.0.bn1.bias - torch.Size([512]): 
PretrainedInit: load from https://download.openmmlab.com/mmclassification/v0/resnet/resnet50_8xb32_in1k_20210831-ea4938fc.pth 

backbone.layer4.0.conv2.weight - torch.Size([512, 512, 3, 3]): 
PretrainedInit: load from https://download.openmmlab.com/mmclassification/v0/resnet/resnet50_8xb32_in1k_20210831-ea4938fc.pth 

backbone.layer4.0.bn2.weight - torch.Size([512]): 
PretrainedInit: load from https://download.openmmlab.com/mmclassification/v0/resnet/resnet50_8xb32_in1k_20210831-ea4938fc.pth 

backbone.layer4.0.bn2.bias - torch.Size([512]): 
PretrainedInit: load from https://download.openmmlab.com/mmclassification/v0/resnet/resnet50_8xb32_in1k_20210831-ea4938fc.pth 

backbone.layer4.0.conv3.weight - torch.Size([2048, 512, 1, 1]): 
PretrainedInit: load from https://download.openmmlab.com/mmclassification/v0/resnet/resnet50_8xb32_in1k_20210831-ea4938fc.pth 

backbone.layer4.0.bn3.weight - torch.Size([2048]): 
PretrainedInit: load from https://download.openmmlab.com/mmclassification/v0/resnet/resnet50_8xb32_in1k_20210831-ea4938fc.pth 

backbone.layer4.0.bn3.bias - torch.Size([2048]): 
PretrainedInit: load from https://download.openmmlab.com/mmclassification/v0/resnet/resnet50_8xb32_in1k_20210831-ea4938fc.pth 

backbone.layer4.0.downsample.0.weight - torch.Size([2048, 1024, 1, 1]): 
PretrainedInit: load from https://download.openmmlab.com/mmclassification/v0/resnet/resnet50_8xb32_in1k_20210831-ea4938fc.pth 

backbone.layer4.0.downsample.1.weight - torch.Size([2048]): 
PretrainedInit: load from https://download.openmmlab.com/mmclassification/v0/resnet/resnet50_8xb32_in1k_20210831-ea4938fc.pth 

backbone.layer4.0.downsample.1.bias - torch.Size([2048]): 
PretrainedInit: load from https://download.openmmlab.com/mmclassification/v0/resnet/resnet50_8xb32_in1k_20210831-ea4938fc.pth 

backbone.layer4.1.conv1.weight - torch.Size([512, 2048, 1, 1]): 
PretrainedInit: load from https://download.openmmlab.com/mmclassification/v0/resnet/resnet50_8xb32_in1k_20210831-ea4938fc.pth 

backbone.layer4.1.bn1.weight - torch.Size([512]): 
PretrainedInit: load from https://download.openmmlab.com/mmclassification/v0/resnet/resnet50_8xb32_in1k_20210831-ea4938fc.pth 

backbone.layer4.1.bn1.bias - torch.Size([512]): 
PretrainedInit: load from https://download.openmmlab.com/mmclassification/v0/resnet/resnet50_8xb32_in1k_20210831-ea4938fc.pth 

backbone.layer4.1.conv2.weight - torch.Size([512, 512, 3, 3]): 
PretrainedInit: load from https://download.openmmlab.com/mmclassification/v0/resnet/resnet50_8xb32_in1k_20210831-ea4938fc.pth 

backbone.layer4.1.bn2.weight - torch.Size([512]): 
PretrainedInit: load from https://download.openmmlab.com/mmclassification/v0/resnet/resnet50_8xb32_in1k_20210831-ea4938fc.pth 

backbone.layer4.1.bn2.bias - torch.Size([512]): 
PretrainedInit: load from https://download.openmmlab.com/mmclassification/v0/resnet/resnet50_8xb32_in1k_20210831-ea4938fc.pth 

backbone.layer4.1.conv3.weight - torch.Size([2048, 512, 1, 1]): 
PretrainedInit: load from https://download.openmmlab.com/mmclassification/v0/resnet/resnet50_8xb32_in1k_20210831-ea4938fc.pth 

backbone.layer4.1.bn3.weight - torch.Size([2048]): 
PretrainedInit: load from https://download.openmmlab.com/mmclassification/v0/resnet/resnet50_8xb32_in1k_20210831-ea4938fc.pth 

backbone.layer4.1.bn3.bias - torch.Size([2048]): 
PretrainedInit: load from https://download.openmmlab.com/mmclassification/v0/resnet/resnet50_8xb32_in1k_20210831-ea4938fc.pth 

backbone.layer4.2.conv1.weight - torch.Size([512, 2048, 1, 1]): 
PretrainedInit: load from https://download.openmmlab.com/mmclassification/v0/resnet/resnet50_8xb32_in1k_20210831-ea4938fc.pth 

backbone.layer4.2.bn1.weight - torch.Size([512]): 
PretrainedInit: load from https://download.openmmlab.com/mmclassification/v0/resnet/resnet50_8xb32_in1k_20210831-ea4938fc.pth 

backbone.layer4.2.bn1.bias - torch.Size([512]): 
PretrainedInit: load from https://download.openmmlab.com/mmclassification/v0/resnet/resnet50_8xb32_in1k_20210831-ea4938fc.pth 

backbone.layer4.2.conv2.weight - torch.Size([512, 512, 3, 3]): 
PretrainedInit: load from https://download.openmmlab.com/mmclassification/v0/resnet/resnet50_8xb32_in1k_20210831-ea4938fc.pth 

backbone.layer4.2.bn2.weight - torch.Size([512]): 
PretrainedInit: load from https://download.openmmlab.com/mmclassification/v0/resnet/resnet50_8xb32_in1k_20210831-ea4938fc.pth 

backbone.layer4.2.bn2.bias - torch.Size([512]): 
PretrainedInit: load from https://download.openmmlab.com/mmclassification/v0/resnet/resnet50_8xb32_in1k_20210831-ea4938fc.pth 

backbone.layer4.2.conv3.weight - torch.Size([2048, 512, 1, 1]): 
PretrainedInit: load from https://download.openmmlab.com/mmclassification/v0/resnet/resnet50_8xb32_in1k_20210831-ea4938fc.pth 

backbone.layer4.2.bn3.weight - torch.Size([2048]): 
PretrainedInit: load from https://download.openmmlab.com/mmclassification/v0/resnet/resnet50_8xb32_in1k_20210831-ea4938fc.pth 

backbone.layer4.2.bn3.bias - torch.Size([2048]): 
PretrainedInit: load from https://download.openmmlab.com/mmclassification/v0/resnet/resnet50_8xb32_in1k_20210831-ea4938fc.pth 

head.fc.weight - torch.Size([30, 2048]): 
NormalInit: mean=0, std=0.01, bias=0 

head.fc.bias - torch.Size([30]): 
NormalInit: mean=0, std=0.01, bias=0 
2023/06/11 17:56:57 - mmengine - WARNING - "FileClient" will be deprecated in future. Please use io functions in https://mmengine.readthedocs.io/en/latest/api/fileio.html#file-io
2023/06/11 17:56:57 - mmengine - WARNING - "HardDiskBackend" is the alias of "LocalBackend" and the former will be deprecated in future.
2023/06/11 17:56:57 - mmengine - INFO - Checkpoints will be saved to /home/hanhan/cc_wrod/develop/mmlab/mmpretrain/work_dirs/mcls_fruit_resnet50.
2023/06/11 17:57:06 - mmengine - INFO - Epoch(train)   [1][100/194]  lr: 2.7971e-03  eta: 0:25:45  time: 0.0738  data_time: 0.0007  memory: 1281  loss: 1.0944
2023/06/11 17:57:12 - mmengine - INFO - Exp name: mcls_fruit_resnet50_20230611_175643
2023/06/11 17:57:20 - mmengine - INFO - Epoch(train)   [2][100/194]  lr: 3.3794e-03  eta: 0:24:13  time: 0.0749  data_time: 0.0006  memory: 1281  loss: 0.9606
2023/06/11 17:57:27 - mmengine - INFO - Exp name: mcls_fruit_resnet50_20230611_175643
2023/06/11 17:57:34 - mmengine - INFO - Epoch(train)   [3][100/194]  lr: 3.9616e-03  eta: 0:23:48  time: 0.0751  data_time: 0.0007  memory: 1281  loss: 0.9597
2023/06/11 17:57:41 - mmengine - INFO - Exp name: mcls_fruit_resnet50_20230611_175643
2023/06/11 17:57:49 - mmengine - INFO - Epoch(train)   [4][100/194]  lr: 4.5438e-03  eta: 0:23:29  time: 0.0755  data_time: 0.0007  memory: 1281  loss: 0.8689
2023/06/11 17:57:56 - mmengine - INFO - Exp name: mcls_fruit_resnet50_20230611_175643
2023/06/11 17:58:03 - mmengine - INFO - Epoch(train)   [5][100/194]  lr: 5.1261e-03  eta: 0:23:13  time: 0.0746  data_time: 0.0007  memory: 1281  loss: 0.9452
2023/06/11 17:58:10 - mmengine - INFO - Exp name: mcls_fruit_resnet50_20230611_175643
2023/06/11 17:58:12 - mmengine - INFO - Epoch(val)   [5][100/148]    eta: 0:00:00  time: 0.0139  data_time: 0.0022  memory: 1281  
2023/06/11 17:58:12 - mmengine - INFO - Epoch(val) [5][148/148]    accuracy/top1: 78.8851  accuracy/top5: 97.8041  data_time: 0.0024  time: 0.0132
2023/06/11 17:58:13 - mmengine - INFO - The best checkpoint with 78.8851 accuracy/top1 at 5 epoch is saved to best_accuracy_top1_epoch_5.pth.
2023/06/11 17:58:16 - mmengine - INFO - Exp name: mcls_fruit_resnet50_20230611_175643
2023/06/11 17:58:21 - mmengine - INFO - Epoch(train)   [6][100/194]  lr: 5.7083e-03  eta: 0:22:57  time: 0.0753  data_time: 0.0007  memory: 1281  loss: 0.9700
2023/06/11 17:58:28 - mmengine - INFO - Exp name: mcls_fruit_resnet50_20230611_175643
2023/06/11 17:58:35 - mmengine - INFO - Epoch(train)   [7][100/194]  lr: 6.2905e-03  eta: 0:22:42  time: 0.0761  data_time: 0.0007  memory: 1281  loss: 0.7945
2023/06/11 17:58:43 - mmengine - INFO - Exp name: mcls_fruit_resnet50_20230611_175643
2023/06/11 17:58:50 - mmengine - INFO - Epoch(train)   [8][100/194]  lr: 6.8727e-03  eta: 0:22:32  time: 0.0841  data_time: 0.0010  memory: 1281  loss: 0.9009
2023/06/11 17:58:57 - mmengine - INFO - Exp name: mcls_fruit_resnet50_20230611_175643
2023/06/11 17:59:05 - mmengine - INFO - Epoch(train)   [9][100/194]  lr: 7.4550e-03  eta: 0:22:18  time: 0.0747  data_time: 0.0007  memory: 1281  loss: 1.0764
2023/06/11 17:59:12 - mmengine - INFO - Exp name: mcls_fruit_resnet50_20230611_175643
2023/06/11 17:59:20 - mmengine - INFO - Epoch(train)  [10][100/194]  lr: 8.0372e-03  eta: 0:22:03  time: 0.0740  data_time: 0.0008  memory: 1281  loss: 0.8658
2023/06/11 17:59:27 - mmengine - INFO - Exp name: mcls_fruit_resnet50_20230611_175643
2023/06/11 17:59:27 - mmengine - INFO - Saving checkpoint at 10 epochs
2023/06/11 17:59:29 - mmengine - INFO - Epoch(val)  [10][100/148]    eta: 0:00:00  time: 0.0103  data_time: 0.0004  memory: 1281  
2023/06/11 17:59:30 - mmengine - INFO - Epoch(val) [10][148/148]    accuracy/top1: 82.4324  accuracy/top5: 96.1149  data_time: 0.0015  time: 0.0125
2023/06/11 17:59:30 - mmengine - INFO - The previous best checkpoint /home/hanhan/cc_wrod/develop/mmlab/mmpretrain/work_dirs/mcls_fruit_resnet50/best_accuracy_top1_epoch_5.pth is removed
2023/06/11 17:59:31 - mmengine - INFO - The best checkpoint with 82.4324 accuracy/top1 at 10 epoch is saved to best_accuracy_top1_epoch_10.pth.
2023/06/11 17:59:36 - mmengine - INFO - Exp name: mcls_fruit_resnet50_20230611_175643
2023/06/11 17:59:39 - mmengine - INFO - Epoch(train)  [11][100/194]  lr: 8.6194e-03  eta: 0:21:51  time: 0.0743  data_time: 0.0008  memory: 1281  loss: 1.0043
2023/06/11 17:59:47 - mmengine - INFO - Exp name: mcls_fruit_resnet50_20230611_175643
2023/06/11 17:59:54 - mmengine - INFO - Epoch(train)  [12][100/194]  lr: 9.2017e-03  eta: 0:21:39  time: 0.0750  data_time: 0.0008  memory: 1281  loss: 0.6221
2023/06/11 18:00:02 - mmengine - INFO - Exp name: mcls_fruit_resnet50_20230611_175643
2023/06/11 18:00:10 - mmengine - INFO - Epoch(train)  [13][100/194]  lr: 9.7839e-03  eta: 0:21:27  time: 0.0809  data_time: 0.0008  memory: 1281  loss: 0.5112
2023/06/11 18:00:17 - mmengine - INFO - Exp name: mcls_fruit_resnet50_20230611_175643
2023/06/11 18:00:25 - mmengine - INFO - Epoch(train)  [14][100/194]  lr: 1.0000e-02  eta: 0:21:14  time: 0.0768  data_time: 0.0008  memory: 1281  loss: 0.5341
2023/06/11 18:00:32 - mmengine - INFO - Exp name: mcls_fruit_resnet50_20230611_175643
2023/06/11 18:00:40 - mmengine - INFO - Epoch(train)  [15][100/194]  lr: 1.0000e-02  eta: 0:21:01  time: 0.0750  data_time: 0.0007  memory: 1281  loss: 0.5424
2023/06/11 18:00:47 - mmengine - INFO - Exp name: mcls_fruit_resnet50_20230611_175643
2023/06/11 18:00:48 - mmengine - INFO - Epoch(val)  [15][100/148]    eta: 0:00:00  time: 0.0129  data_time: 0.0004  memory: 1281  
2023/06/11 18:00:49 - mmengine - INFO - Epoch(val) [15][148/148]    accuracy/top1: 82.9392  accuracy/top5: 97.2973  data_time: 0.0014  time: 0.0122
2023/06/11 18:00:49 - mmengine - INFO - The previous best checkpoint /home/hanhan/cc_wrod/develop/mmlab/mmpretrain/work_dirs/mcls_fruit_resnet50/best_accuracy_top1_epoch_10.pth is removed
2023/06/11 18:00:50 - mmengine - INFO - The best checkpoint with 82.9392 accuracy/top1 at 15 epoch is saved to best_accuracy_top1_epoch_15.pth.
2023/06/11 18:00:58 - mmengine - INFO - Exp name: mcls_fruit_resnet50_20230611_175643
2023/06/11 18:00:59 - mmengine - INFO - Epoch(train)  [16][100/194]  lr: 1.0000e-02  eta: 0:20:49  time: 0.0801  data_time: 0.0008  memory: 1281  loss: 0.5972
2023/06/11 18:01:06 - mmengine - INFO - Exp name: mcls_fruit_resnet50_20230611_175643
2023/06/11 18:01:14 - mmengine - INFO - Epoch(train)  [17][100/194]  lr: 1.0000e-02  eta: 0:20:36  time: 0.0926  data_time: 0.0010  memory: 1281  loss: 0.3746
2023/06/11 18:01:21 - mmengine - INFO - Exp name: mcls_fruit_resnet50_20230611_175643
2023/06/11 18:01:29 - mmengine - INFO - Epoch(train)  [18][100/194]  lr: 1.0000e-02  eta: 0:20:22  time: 0.0764  data_time: 0.0008  memory: 1281  loss: 0.4514
2023/06/11 18:01:36 - mmengine - INFO - Exp name: mcls_fruit_resnet50_20230611_175643
2023/06/11 18:01:44 - mmengine - INFO - Epoch(train)  [19][100/194]  lr: 1.0000e-02  eta: 0:20:08  time: 0.0787  data_time: 0.0008  memory: 1281  loss: 0.4555
2023/06/11 18:01:51 - mmengine - INFO - Exp name: mcls_fruit_resnet50_20230611_175643
2023/06/11 18:01:59 - mmengine - INFO - Epoch(train)  [20][100/194]  lr: 1.0000e-02  eta: 0:19:54  time: 0.0767  data_time: 0.0007  memory: 1281  loss: 0.4367
2023/06/11 18:02:06 - mmengine - INFO - Exp name: mcls_fruit_resnet50_20230611_175643
2023/06/11 18:02:06 - mmengine - INFO - Saving checkpoint at 20 epochs
2023/06/11 18:02:08 - mmengine - INFO - Epoch(val)  [20][100/148]    eta: 0:00:00  time: 0.0111  data_time: 0.0003  memory: 1281  
2023/06/11 18:02:09 - mmengine - INFO - Epoch(val) [20][148/148]    accuracy/top1: 84.4595  accuracy/top5: 98.1419  data_time: 0.0016  time: 0.0123
2023/06/11 18:02:09 - mmengine - INFO - The previous best checkpoint /home/hanhan/cc_wrod/develop/mmlab/mmpretrain/work_dirs/mcls_fruit_resnet50/best_accuracy_top1_epoch_15.pth is removed
2023/06/11 18:02:10 - mmengine - INFO - The best checkpoint with 84.4595 accuracy/top1 at 20 epoch is saved to best_accuracy_top1_epoch_20.pth.
2023/06/11 18:02:19 - mmengine - INFO - Epoch(train)  [21][100/194]  lr: 1.0000e-02  eta: 0:19:40  time: 0.0754  data_time: 0.0008  memory: 1281  loss: 0.3341
2023/06/11 18:02:20 - mmengine - INFO - Exp name: mcls_fruit_resnet50_20230611_175643
2023/06/11 18:02:26 - mmengine - INFO - Exp name: mcls_fruit_resnet50_20230611_175643
2023/06/11 18:02:33 - mmengine - INFO - Epoch(train)  [22][100/194]  lr: 1.0000e-02  eta: 0:19:24  time: 0.0776  data_time: 0.0009  memory: 1281  loss: 0.4041
2023/06/11 18:02:41 - mmengine - INFO - Exp name: mcls_fruit_resnet50_20230611_175643
2023/06/11 18:02:49 - mmengine - INFO - Epoch(train)  [23][100/194]  lr: 1.0000e-02  eta: 0:19:10  time: 0.0748  data_time: 0.0008  memory: 1281  loss: 0.5858
2023/06/11 18:02:56 - mmengine - INFO - Exp name: mcls_fruit_resnet50_20230611_175643
2023/06/11 18:03:04 - mmengine - INFO - Epoch(train)  [24][100/194]  lr: 1.0000e-02  eta: 0:18:56  time: 0.0779  data_time: 0.0008  memory: 1281  loss: 0.3699
2023/06/11 18:03:11 - mmengine - INFO - Exp name: mcls_fruit_resnet50_20230611_175643
2023/06/11 18:03:19 - mmengine - INFO - Epoch(train)  [25][100/194]  lr: 1.0000e-02  eta: 0:18:42  time: 0.0788  data_time: 0.0008  memory: 1281  loss: 0.2788
2023/06/11 18:03:26 - mmengine - INFO - Exp name: mcls_fruit_resnet50_20230611_175643
2023/06/11 18:03:27 - mmengine - INFO - Epoch(val)  [25][100/148]    eta: 0:00:00  time: 0.0152  data_time: 0.0004  memory: 1281  
2023/06/11 18:03:28 - mmengine - INFO - Epoch(val) [25][148/148]    accuracy/top1: 84.2905  accuracy/top5: 97.8041  data_time: 0.0016  time: 0.0134
2023/06/11 18:03:36 - mmengine - INFO - Epoch(train)  [26][100/194]  lr: 1.0000e-02  eta: 0:18:28  time: 0.0771  data_time: 0.0009  memory: 1281  loss: 0.2139
2023/06/11 18:03:40 - mmengine - INFO - Exp name: mcls_fruit_resnet50_20230611_175643
2023/06/11 18:03:43 - mmengine - INFO - Exp name: mcls_fruit_resnet50_20230611_175643
2023/06/11 18:03:51 - mmengine - INFO - Epoch(train)  [27][100/194]  lr: 1.0000e-02  eta: 0:18:13  time: 0.0761  data_time: 0.0008  memory: 1281  loss: 0.5597
2023/06/11 18:03:58 - mmengine - INFO - Exp name: mcls_fruit_resnet50_20230611_175643
2023/06/11 18:04:06 - mmengine - INFO - Epoch(train)  [28][100/194]  lr: 1.0000e-02  eta: 0:17:58  time: 0.0757  data_time: 0.0007  memory: 1281  loss: 0.2092
2023/06/11 18:04:13 - mmengine - INFO - Exp name: mcls_fruit_resnet50_20230611_175643
2023/06/11 18:04:20 - mmengine - INFO - Epoch(train)  [29][100/194]  lr: 1.0000e-02  eta: 0:17:43  time: 0.0772  data_time: 0.0008  memory: 1281  loss: 0.3203
2023/06/11 18:04:27 - mmengine - INFO - Exp name: mcls_fruit_resnet50_20230611_175643
2023/06/11 18:04:35 - mmengine - INFO - Epoch(train)  [30][100/194]  lr: 1.0000e-02  eta: 0:17:28  time: 0.0768  data_time: 0.0008  memory: 1281  loss: 0.2960
2023/06/11 18:04:42 - mmengine - INFO - Exp name: mcls_fruit_resnet50_20230611_175643
2023/06/11 18:04:42 - mmengine - INFO - Saving checkpoint at 30 epochs
2023/06/11 18:04:45 - mmengine - INFO - Epoch(val)  [30][100/148]    eta: 0:00:00  time: 0.0123  data_time: 0.0003  memory: 1281  
2023/06/11 18:04:45 - mmengine - INFO - Epoch(val) [30][148/148]    accuracy/top1: 86.6554  accuracy/top5: 98.1419  data_time: 0.0011  time: 0.0121
2023/06/11 18:04:45 - mmengine - INFO - The previous best checkpoint /home/hanhan/cc_wrod/develop/mmlab/mmpretrain/work_dirs/mcls_fruit_resnet50/best_accuracy_top1_epoch_20.pth is removed
2023/06/11 18:04:46 - mmengine - INFO - The best checkpoint with 86.6554 accuracy/top1 at 30 epoch is saved to best_accuracy_top1_epoch_30.pth.
2023/06/11 18:04:55 - mmengine - INFO - Epoch(train)  [31][100/194]  lr: 1.0000e-03  eta: 0:17:13  time: 0.0756  data_time: 0.0007  memory: 1281  loss: 0.2207
2023/06/11 18:05:01 - mmengine - INFO - Exp name: mcls_fruit_resnet50_20230611_175643
2023/06/11 18:05:02 - mmengine - INFO - Exp name: mcls_fruit_resnet50_20230611_175643
2023/06/11 18:05:09 - mmengine - INFO - Epoch(train)  [32][100/194]  lr: 1.0000e-03  eta: 0:16:57  time: 0.0751  data_time: 0.0008  memory: 1281  loss: 0.1401
2023/06/11 18:05:17 - mmengine - INFO - Exp name: mcls_fruit_resnet50_20230611_175643
2023/06/11 18:05:24 - mmengine - INFO - Epoch(train)  [33][100/194]  lr: 1.0000e-03  eta: 0:16:42  time: 0.0780  data_time: 0.0009  memory: 1281  loss: 0.2738
2023/06/11 18:05:32 - mmengine - INFO - Exp name: mcls_fruit_resnet50_20230611_175643
2023/06/11 18:05:40 - mmengine - INFO - Epoch(train)  [34][100/194]  lr: 1.0000e-03  eta: 0:16:29  time: 0.0808  data_time: 0.0010  memory: 1281  loss: 0.1319
2023/06/11 18:05:47 - mmengine - INFO - Exp name: mcls_fruit_resnet50_20230611_175643
2023/06/11 18:05:55 - mmengine - INFO - Epoch(train)  [35][100/194]  lr: 1.0000e-03  eta: 0:16:14  time: 0.0781  data_time: 0.0007  memory: 1281  loss: 0.1837
2023/06/11 18:06:02 - mmengine - INFO - Exp name: mcls_fruit_resnet50_20230611_175643
2023/06/11 18:06:03 - mmengine - INFO - Epoch(val)  [35][100/148]    eta: 0:00:00  time: 0.0122  data_time: 0.0014  memory: 1281  
2023/06/11 18:06:04 - mmengine - INFO - Epoch(val) [35][148/148]    accuracy/top1: 92.2297  accuracy/top5: 99.1554  data_time: 0.0014  time: 0.0119
2023/06/11 18:06:04 - mmengine - INFO - The previous best checkpoint /home/hanhan/cc_wrod/develop/mmlab/mmpretrain/work_dirs/mcls_fruit_resnet50/best_accuracy_top1_epoch_30.pth is removed
2023/06/11 18:06:05 - mmengine - INFO - The best checkpoint with 92.2297 accuracy/top1 at 35 epoch is saved to best_accuracy_top1_epoch_35.pth.
2023/06/11 18:06:14 - mmengine - INFO - Epoch(train)  [36][100/194]  lr: 1.0000e-03  eta: 0:16:00  time: 0.0752  data_time: 0.0008  memory: 1281  loss: 0.0940
2023/06/11 18:06:21 - mmengine - INFO - Exp name: mcls_fruit_resnet50_20230611_175643
2023/06/11 18:06:22 - mmengine - INFO - Exp name: mcls_fruit_resnet50_20230611_175643
2023/06/11 18:06:29 - mmengine - INFO - Epoch(train)  [37][100/194]  lr: 1.0000e-03  eta: 0:15:45  time: 0.0926  data_time: 0.0011  memory: 1281  loss: 0.1232
2023/06/11 18:06:36 - mmengine - INFO - Exp name: mcls_fruit_resnet50_20230611_175643
2023/06/11 18:06:44 - mmengine - INFO - Epoch(train)  [38][100/194]  lr: 1.0000e-03  eta: 0:15:31  time: 0.0773  data_time: 0.0009  memory: 1281  loss: 0.1772
2023/06/11 18:06:51 - mmengine - INFO - Exp name: mcls_fruit_resnet50_20230611_175643
2023/06/11 18:06:59 - mmengine - INFO - Epoch(train)  [39][100/194]  lr: 1.0000e-03  eta: 0:15:16  time: 0.0749  data_time: 0.0009  memory: 1281  loss: 0.2219
2023/06/11 18:07:06 - mmengine - INFO - Exp name: mcls_fruit_resnet50_20230611_175643
2023/06/11 18:07:14 - mmengine - INFO - Epoch(train)  [40][100/194]  lr: 1.0000e-03  eta: 0:15:01  time: 0.0763  data_time: 0.0009  memory: 1281  loss: 0.0825
2023/06/11 18:07:21 - mmengine - INFO - Exp name: mcls_fruit_resnet50_20230611_175643
2023/06/11 18:07:21 - mmengine - INFO - Saving checkpoint at 40 epochs
2023/06/11 18:07:23 - mmengine - INFO - Epoch(val)  [40][100/148]    eta: 0:00:00  time: 0.0116  data_time: 0.0017  memory: 1281  
2023/06/11 18:07:24 - mmengine - INFO - Epoch(val) [40][148/148]    accuracy/top1: 91.8919  accuracy/top5: 99.1554  data_time: 0.0018  time: 0.0127
2023/06/11 18:07:32 - mmengine - INFO - Epoch(train)  [41][100/194]  lr: 1.0000e-03  eta: 0:14:46  time: 0.0754  data_time: 0.0008  memory: 1281  loss: 0.0779
2023/06/11 18:07:39 - mmengine - INFO - Exp name: mcls_fruit_resnet50_20230611_175643
2023/06/11 18:07:42 - mmengine - INFO - Exp name: mcls_fruit_resnet50_20230611_175643
2023/06/11 18:07:46 - mmengine - INFO - Epoch(train)  [42][100/194]  lr: 1.0000e-03  eta: 0:14:31  time: 0.0762  data_time: 0.0009  memory: 1281  loss: 0.1277
2023/06/11 18:07:54 - mmengine - INFO - Exp name: mcls_fruit_resnet50_20230611_175643
2023/06/11 18:08:01 - mmengine - INFO - Epoch(train)  [43][100/194]  lr: 1.0000e-03  eta: 0:14:16  time: 0.0765  data_time: 0.0009  memory: 1281  loss: 0.1302
2023/06/11 18:08:09 - mmengine - INFO - Exp name: mcls_fruit_resnet50_20230611_175643
2023/06/11 18:08:16 - mmengine - INFO - Epoch(train)  [44][100/194]  lr: 1.0000e-03  eta: 0:14:01  time: 0.0756  data_time: 0.0009  memory: 1281  loss: 0.1047
2023/06/11 18:08:23 - mmengine - INFO - Exp name: mcls_fruit_resnet50_20230611_175643
2023/06/11 18:08:31 - mmengine - INFO - Epoch(train)  [45][100/194]  lr: 1.0000e-03  eta: 0:13:46  time: 0.0746  data_time: 0.0008  memory: 1281  loss: 0.0801
2023/06/11 18:08:38 - mmengine - INFO - Exp name: mcls_fruit_resnet50_20230611_175643
2023/06/11 18:08:39 - mmengine - INFO - Epoch(val)  [45][100/148]    eta: 0:00:00  time: 0.0116  data_time: 0.0018  memory: 1281  
2023/06/11 18:08:40 - mmengine - INFO - Epoch(val) [45][148/148]    accuracy/top1: 93.2432  accuracy/top5: 99.4932  data_time: 0.0016  time: 0.0125
2023/06/11 18:08:40 - mmengine - INFO - The previous best checkpoint /home/hanhan/cc_wrod/develop/mmlab/mmpretrain/work_dirs/mcls_fruit_resnet50/best_accuracy_top1_epoch_35.pth is removed
2023/06/11 18:08:41 - mmengine - INFO - The best checkpoint with 93.2432 accuracy/top1 at 45 epoch is saved to best_accuracy_top1_epoch_45.pth.
2023/06/11 18:08:50 - mmengine - INFO - Epoch(train)  [46][100/194]  lr: 1.0000e-03  eta: 0:13:31  time: 0.0755  data_time: 0.0008  memory: 1281  loss: 0.2368
2023/06/11 18:08:57 - mmengine - INFO - Exp name: mcls_fruit_resnet50_20230611_175643
2023/06/11 18:09:02 - mmengine - INFO - Exp name: mcls_fruit_resnet50_20230611_175643
2023/06/11 18:09:04 - mmengine - INFO - Epoch(train)  [47][100/194]  lr: 1.0000e-03  eta: 0:13:16  time: 0.0751  data_time: 0.0008  memory: 1281  loss: 0.0604
2023/06/11 18:09:11 - mmengine - INFO - Exp name: mcls_fruit_resnet50_20230611_175643
2023/06/11 18:09:19 - mmengine - INFO - Epoch(train)  [48][100/194]  lr: 1.0000e-03  eta: 0:13:01  time: 0.0758  data_time: 0.0009  memory: 1281  loss: 0.0532
2023/06/11 18:09:26 - mmengine - INFO - Exp name: mcls_fruit_resnet50_20230611_175643
2023/06/11 18:09:34 - mmengine - INFO - Epoch(train)  [49][100/194]  lr: 1.0000e-03  eta: 0:12:46  time: 0.0770  data_time: 0.0010  memory: 1281  loss: 0.1689
2023/06/11 18:09:41 - mmengine - INFO - Exp name: mcls_fruit_resnet50_20230611_175643
2023/06/11 18:09:49 - mmengine - INFO - Epoch(train)  [50][100/194]  lr: 1.0000e-03  eta: 0:12:31  time: 0.0796  data_time: 0.0009  memory: 1281  loss: 0.1212
2023/06/11 18:09:56 - mmengine - INFO - Exp name: mcls_fruit_resnet50_20230611_175643
2023/06/11 18:09:56 - mmengine - INFO - Saving checkpoint at 50 epochs
2023/06/11 18:09:58 - mmengine - INFO - Epoch(val)  [50][100/148]    eta: 0:00:00  time: 0.0131  data_time: 0.0005  memory: 1281  
2023/06/11 18:09:59 - mmengine - INFO - Epoch(val) [50][148/148]    accuracy/top1: 92.3987  accuracy/top5: 99.4932  data_time: 0.0010  time: 0.0127
2023/06/11 18:10:07 - mmengine - INFO - Epoch(train)  [51][100/194]  lr: 1.0000e-03  eta: 0:12:16  time: 0.0755  data_time: 0.0008  memory: 1281  loss: 0.0814
2023/06/11 18:10:15 - mmengine - INFO - Exp name: mcls_fruit_resnet50_20230611_175643
2023/06/11 18:10:23 - mmengine - INFO - Epoch(train)  [52][100/194]  lr: 1.0000e-03  eta: 0:12:03  time: 0.0777  data_time: 0.0008  memory: 1281  loss: 0.0796
2023/06/11 18:10:24 - mmengine - INFO - Exp name: mcls_fruit_resnet50_20230611_175643
2023/06/11 18:10:30 - mmengine - INFO - Exp name: mcls_fruit_resnet50_20230611_175643
2023/06/11 18:10:38 - mmengine - INFO - Epoch(train)  [53][100/194]  lr: 1.0000e-03  eta: 0:11:48  time: 0.0757  data_time: 0.0008  memory: 1281  loss: 0.0531
2023/06/11 18:10:45 - mmengine - INFO - Exp name: mcls_fruit_resnet50_20230611_175643
2023/06/11 18:10:53 - mmengine - INFO - Epoch(train)  [54][100/194]  lr: 1.0000e-03  eta: 0:11:32  time: 0.0767  data_time: 0.0009  memory: 1281  loss: 0.1322
2023/06/11 18:11:00 - mmengine - INFO - Exp name: mcls_fruit_resnet50_20230611_175643
2023/06/11 18:11:08 - mmengine - INFO - Epoch(train)  [55][100/194]  lr: 1.0000e-03  eta: 0:11:18  time: 0.0760  data_time: 0.0008  memory: 1281  loss: 0.1209
2023/06/11 18:11:15 - mmengine - INFO - Exp name: mcls_fruit_resnet50_20230611_175643
2023/06/11 18:11:16 - mmengine - INFO - Epoch(val)  [55][100/148]    eta: 0:00:00  time: 0.0103  data_time: 0.0006  memory: 1281  
2023/06/11 18:11:17 - mmengine - INFO - Epoch(val) [55][148/148]    accuracy/top1: 93.0743  accuracy/top5: 99.3243  data_time: 0.0015  time: 0.0118
2023/06/11 18:11:24 - mmengine - INFO - Epoch(train)  [56][100/194]  lr: 1.0000e-03  eta: 0:11:03  time: 0.0760  data_time: 0.0009  memory: 1281  loss: 0.0791
2023/06/11 18:11:31 - mmengine - INFO - Exp name: mcls_fruit_resnet50_20230611_175643
2023/06/11 18:11:39 - mmengine - INFO - Epoch(train)  [57][100/194]  lr: 1.0000e-03  eta: 0:10:48  time: 0.0765  data_time: 0.0009  memory: 1281  loss: 0.0820
2023/06/11 18:11:42 - mmengine - INFO - Exp name: mcls_fruit_resnet50_20230611_175643
2023/06/11 18:11:46 - mmengine - INFO - Exp name: mcls_fruit_resnet50_20230611_175643
2023/06/11 18:11:54 - mmengine - INFO - Epoch(train)  [58][100/194]  lr: 1.0000e-03  eta: 0:10:33  time: 0.0773  data_time: 0.0009  memory: 1281  loss: 0.0715
2023/06/11 18:12:01 - mmengine - INFO - Exp name: mcls_fruit_resnet50_20230611_175643
2023/06/11 18:12:09 - mmengine - INFO - Epoch(train)  [59][100/194]  lr: 1.0000e-03  eta: 0:10:18  time: 0.0755  data_time: 0.0009  memory: 1281  loss: 0.1181
2023/06/11 18:12:16 - mmengine - INFO - Exp name: mcls_fruit_resnet50_20230611_175643
2023/06/11 18:12:24 - mmengine - INFO - Epoch(train)  [60][100/194]  lr: 1.0000e-03  eta: 0:10:03  time: 0.0769  data_time: 0.0009  memory: 1281  loss: 0.0477
2023/06/11 18:12:31 - mmengine - INFO - Exp name: mcls_fruit_resnet50_20230611_175643
2023/06/11 18:12:31 - mmengine - INFO - Saving checkpoint at 60 epochs
2023/06/11 18:12:33 - mmengine - INFO - Epoch(val)  [60][100/148]    eta: 0:00:00  time: 0.0121  data_time: 0.0015  memory: 1281  
2023/06/11 18:12:34 - mmengine - INFO - Epoch(val) [60][148/148]    accuracy/top1: 93.4122  accuracy/top5: 99.4932  data_time: 0.0016  time: 0.0119
2023/06/11 18:12:34 - mmengine - INFO - The previous best checkpoint /home/hanhan/cc_wrod/develop/mmlab/mmpretrain/work_dirs/mcls_fruit_resnet50/best_accuracy_top1_epoch_45.pth is removed
2023/06/11 18:12:35 - mmengine - INFO - The best checkpoint with 93.4122 accuracy/top1 at 60 epoch is saved to best_accuracy_top1_epoch_60.pth.
2023/06/11 18:12:44 - mmengine - INFO - Epoch(train)  [61][100/194]  lr: 1.0000e-04  eta: 0:09:48  time: 0.0759  data_time: 0.0009  memory: 1281  loss: 0.0290
2023/06/11 18:12:51 - mmengine - INFO - Exp name: mcls_fruit_resnet50_20230611_175643
2023/06/11 18:12:59 - mmengine - INFO - Epoch(train)  [62][100/194]  lr: 1.0000e-04  eta: 0:09:33  time: 0.0756  data_time: 0.0009  memory: 1281  loss: 0.0589
2023/06/11 18:13:04 - mmengine - INFO - Exp name: mcls_fruit_resnet50_20230611_175643
2023/06/11 18:13:06 - mmengine - INFO - Exp name: mcls_fruit_resnet50_20230611_175643
2023/06/11 18:13:14 - mmengine - INFO - Epoch(train)  [63][100/194]  lr: 1.0000e-04  eta: 0:09:18  time: 0.0760  data_time: 0.0009  memory: 1281  loss: 0.0838
2023/06/11 18:13:21 - mmengine - INFO - Exp name: mcls_fruit_resnet50_20230611_175643
2023/06/11 18:13:28 - mmengine - INFO - Epoch(train)  [64][100/194]  lr: 1.0000e-04  eta: 0:09:03  time: 0.0755  data_time: 0.0009  memory: 1281  loss: 0.0187
2023/06/11 18:13:35 - mmengine - INFO - Exp name: mcls_fruit_resnet50_20230611_175643
2023/06/11 18:13:43 - mmengine - INFO - Epoch(train)  [65][100/194]  lr: 1.0000e-04  eta: 0:08:48  time: 0.0760  data_time: 0.0009  memory: 1281  loss: 0.0666
2023/06/11 18:13:50 - mmengine - INFO - Exp name: mcls_fruit_resnet50_20230611_175643
2023/06/11 18:13:51 - mmengine - INFO - Epoch(val)  [65][100/148]    eta: 0:00:00  time: 0.0112  data_time: 0.0003  memory: 1281  
2023/06/11 18:13:52 - mmengine - INFO - Epoch(val) [65][148/148]    accuracy/top1: 93.2432  accuracy/top5: 99.4932  data_time: 0.0012  time: 0.0119
2023/06/11 18:14:00 - mmengine - INFO - Epoch(train)  [66][100/194]  lr: 1.0000e-04  eta: 0:08:33  time: 0.0763  data_time: 0.0009  memory: 1281  loss: 0.0996
2023/06/11 18:14:07 - mmengine - INFO - Exp name: mcls_fruit_resnet50_20230611_175643
2023/06/11 18:14:14 - mmengine - INFO - Epoch(train)  [67][100/194]  lr: 1.0000e-04  eta: 0:08:18  time: 0.0769  data_time: 0.0009  memory: 1281  loss: 0.0286
2023/06/11 18:14:21 - mmengine - INFO - Exp name: mcls_fruit_resnet50_20230611_175643
2023/06/11 18:14:22 - mmengine - INFO - Exp name: mcls_fruit_resnet50_20230611_175643
2023/06/11 18:14:29 - mmengine - INFO - Epoch(train)  [68][100/194]  lr: 1.0000e-04  eta: 0:08:03  time: 0.0757  data_time: 0.0008  memory: 1281  loss: 0.0590
2023/06/11 18:14:36 - mmengine - INFO - Exp name: mcls_fruit_resnet50_20230611_175643
2023/06/11 18:14:44 - mmengine - INFO - Epoch(train)  [69][100/194]  lr: 1.0000e-04  eta: 0:07:48  time: 0.0757  data_time: 0.0009  memory: 1281  loss: 0.1121
2023/06/11 18:14:51 - mmengine - INFO - Exp name: mcls_fruit_resnet50_20230611_175643
2023/06/11 18:14:59 - mmengine - INFO - Epoch(train)  [70][100/194]  lr: 1.0000e-04  eta: 0:07:34  time: 0.0773  data_time: 0.0008  memory: 1281  loss: 0.0405
2023/06/11 18:15:06 - mmengine - INFO - Exp name: mcls_fruit_resnet50_20230611_175643
2023/06/11 18:15:06 - mmengine - INFO - Saving checkpoint at 70 epochs
2023/06/11 18:15:09 - mmengine - INFO - Epoch(val)  [70][100/148]    eta: 0:00:00  time: 0.0119  data_time: 0.0003  memory: 1281  
2023/06/11 18:15:10 - mmengine - INFO - Epoch(val) [70][148/148]    accuracy/top1: 92.9054  accuracy/top5: 99.6622  data_time: 0.0009  time: 0.0139
2023/06/11 18:15:17 - mmengine - INFO - Epoch(train)  [71][100/194]  lr: 1.0000e-04  eta: 0:07:19  time: 0.0766  data_time: 0.0010  memory: 1281  loss: 0.0519
2023/06/11 18:15:25 - mmengine - INFO - Exp name: mcls_fruit_resnet50_20230611_175643
2023/06/11 18:15:33 - mmengine - INFO - Epoch(train)  [72][100/194]  lr: 1.0000e-04  eta: 0:07:04  time: 0.0785  data_time: 0.0009  memory: 1281  loss: 0.0465
2023/06/11 18:15:40 - mmengine - INFO - Exp name: mcls_fruit_resnet50_20230611_175643
2023/06/11 18:15:42 - mmengine - INFO - Exp name: mcls_fruit_resnet50_20230611_175643
2023/06/11 18:15:47 - mmengine - INFO - Epoch(train)  [73][100/194]  lr: 1.0000e-04  eta: 0:06:49  time: 0.0771  data_time: 0.0008  memory: 1281  loss: 0.0677
2023/06/11 18:15:55 - mmengine - INFO - Exp name: mcls_fruit_resnet50_20230611_175643
2023/06/11 18:16:02 - mmengine - INFO - Epoch(train)  [74][100/194]  lr: 1.0000e-04  eta: 0:06:34  time: 0.0869  data_time: 0.0010  memory: 1281  loss: 0.0739
2023/06/11 18:16:10 - mmengine - INFO - Exp name: mcls_fruit_resnet50_20230611_175643
2023/06/11 18:16:17 - mmengine - INFO - Epoch(train)  [75][100/194]  lr: 1.0000e-04  eta: 0:06:19  time: 0.0760  data_time: 0.0009  memory: 1281  loss: 0.1172
2023/06/11 18:16:25 - mmengine - INFO - Exp name: mcls_fruit_resnet50_20230611_175643
2023/06/11 18:16:26 - mmengine - INFO - Epoch(val)  [75][100/148]    eta: 0:00:00  time: 0.0112  data_time: 0.0013  memory: 1281  
2023/06/11 18:16:26 - mmengine - INFO - Epoch(val) [75][148/148]    accuracy/top1: 92.7365  accuracy/top5: 99.3243  data_time: 0.0025  time: 0.0127
2023/06/11 18:16:34 - mmengine - INFO - Epoch(train)  [76][100/194]  lr: 1.0000e-04  eta: 0:06:04  time: 0.0760  data_time: 0.0009  memory: 1281  loss: 0.0368
2023/06/11 18:16:41 - mmengine - INFO - Exp name: mcls_fruit_resnet50_20230611_175643
2023/06/11 18:16:49 - mmengine - INFO - Epoch(train)  [77][100/194]  lr: 1.0000e-04  eta: 0:05:49  time: 0.0773  data_time: 0.0009  memory: 1281  loss: 0.0929
2023/06/11 18:16:56 - mmengine - INFO - Exp name: mcls_fruit_resnet50_20230611_175643
2023/06/11 18:17:01 - mmengine - INFO - Exp name: mcls_fruit_resnet50_20230611_175643
2023/06/11 18:17:04 - mmengine - INFO - Epoch(train)  [78][100/194]  lr: 1.0000e-04  eta: 0:05:34  time: 0.0759  data_time: 0.0008  memory: 1281  loss: 0.1661
2023/06/11 18:17:11 - mmengine - INFO - Exp name: mcls_fruit_resnet50_20230611_175643
2023/06/11 18:17:18 - mmengine - INFO - Epoch(train)  [79][100/194]  lr: 1.0000e-04  eta: 0:05:19  time: 0.0763  data_time: 0.0008  memory: 1281  loss: 0.0528
2023/06/11 18:17:25 - mmengine - INFO - Exp name: mcls_fruit_resnet50_20230611_175643
2023/06/11 18:17:33 - mmengine - INFO - Epoch(train)  [80][100/194]  lr: 1.0000e-04  eta: 0:05:05  time: 0.0757  data_time: 0.0008  memory: 1281  loss: 0.0678
2023/06/11 18:17:40 - mmengine - INFO - Exp name: mcls_fruit_resnet50_20230611_175643
2023/06/11 18:17:40 - mmengine - INFO - Saving checkpoint at 80 epochs
2023/06/11 18:17:43 - mmengine - INFO - Epoch(val)  [80][100/148]    eta: 0:00:00  time: 0.0110  data_time: 0.0012  memory: 1281  
2023/06/11 18:17:43 - mmengine - INFO - Epoch(val) [80][148/148]    accuracy/top1: 92.7365  accuracy/top5: 99.4932  data_time: 0.0012  time: 0.0121
2023/06/11 18:17:51 - mmengine - INFO - Epoch(train)  [81][100/194]  lr: 1.0000e-04  eta: 0:04:50  time: 0.0753  data_time: 0.0009  memory: 1281  loss: 0.0832
2023/06/11 18:17:58 - mmengine - INFO - Exp name: mcls_fruit_resnet50_20230611_175643
2023/06/11 18:18:06 - mmengine - INFO - Epoch(train)  [82][100/194]  lr: 1.0000e-04  eta: 0:04:35  time: 0.0758  data_time: 0.0008  memory: 1281  loss: 0.0794
2023/06/11 18:18:13 - mmengine - INFO - Exp name: mcls_fruit_resnet50_20230611_175643
2023/06/11 18:18:20 - mmengine - INFO - Exp name: mcls_fruit_resnet50_20230611_175643
2023/06/11 18:18:21 - mmengine - INFO - Epoch(train)  [83][100/194]  lr: 1.0000e-04  eta: 0:04:20  time: 0.0763  data_time: 0.0009  memory: 1281  loss: 0.0699
2023/06/11 18:18:28 - mmengine - INFO - Exp name: mcls_fruit_resnet50_20230611_175643
2023/06/11 18:18:35 - mmengine - INFO - Epoch(train)  [84][100/194]  lr: 1.0000e-04  eta: 0:04:05  time: 0.0758  data_time: 0.0009  memory: 1281  loss: 0.1211
2023/06/11 18:18:42 - mmengine - INFO - Exp name: mcls_fruit_resnet50_20230611_175643
2023/06/11 18:18:50 - mmengine - INFO - Epoch(train)  [85][100/194]  lr: 1.0000e-04  eta: 0:03:50  time: 0.0758  data_time: 0.0009  memory: 1281  loss: 0.1026
2023/06/11 18:18:57 - mmengine - INFO - Exp name: mcls_fruit_resnet50_20230611_175643
2023/06/11 18:18:58 - mmengine - INFO - Epoch(val)  [85][100/148]    eta: 0:00:00  time: 0.0112  data_time: 0.0011  memory: 1281  
2023/06/11 18:18:59 - mmengine - INFO - Epoch(val) [85][148/148]    accuracy/top1: 93.0743  accuracy/top5: 99.6622  data_time: 0.0016  time: 0.0119
2023/06/11 18:19:07 - mmengine - INFO - Epoch(train)  [86][100/194]  lr: 1.0000e-04  eta: 0:03:35  time: 0.0759  data_time: 0.0009  memory: 1281  loss: 0.0444
2023/06/11 18:19:14 - mmengine - INFO - Exp name: mcls_fruit_resnet50_20230611_175643
2023/06/11 18:19:21 - mmengine - INFO - Epoch(train)  [87][100/194]  lr: 1.0000e-04  eta: 0:03:20  time: 0.0749  data_time: 0.0009  memory: 1281  loss: 0.1043
2023/06/11 18:19:28 - mmengine - INFO - Exp name: mcls_fruit_resnet50_20230611_175643
2023/06/11 18:19:36 - mmengine - INFO - Epoch(train)  [88][100/194]  lr: 1.0000e-04  eta: 0:03:05  time: 0.0778  data_time: 0.0009  memory: 1281  loss: 0.0625
2023/06/11 18:19:38 - mmengine - INFO - Exp name: mcls_fruit_resnet50_20230611_175643
2023/06/11 18:19:43 - mmengine - INFO - Exp name: mcls_fruit_resnet50_20230611_175643
2023/06/11 18:19:51 - mmengine - INFO - Epoch(train)  [89][100/194]  lr: 1.0000e-04  eta: 0:02:50  time: 0.0764  data_time: 0.0009  memory: 1281  loss: 0.0686
2023/06/11 18:19:58 - mmengine - INFO - Exp name: mcls_fruit_resnet50_20230611_175643
2023/06/11 18:20:06 - mmengine - INFO - Epoch(train)  [90][100/194]  lr: 1.0000e-04  eta: 0:02:35  time: 0.0785  data_time: 0.0012  memory: 1281  loss: 0.0102
2023/06/11 18:20:13 - mmengine - INFO - Exp name: mcls_fruit_resnet50_20230611_175643
2023/06/11 18:20:13 - mmengine - INFO - Saving checkpoint at 90 epochs
2023/06/11 18:20:15 - mmengine - INFO - Epoch(val)  [90][100/148]    eta: 0:00:00  time: 0.0117  data_time: 0.0006  memory: 1281  
2023/06/11 18:20:16 - mmengine - INFO - Epoch(val) [90][148/148]    accuracy/top1: 92.9054  accuracy/top5: 99.4932  data_time: 0.0014  time: 0.0123
2023/06/11 18:20:23 - mmengine - INFO - Epoch(train)  [91][100/194]  lr: 1.0000e-05  eta: 0:02:21  time: 0.0799  data_time: 0.0009  memory: 1281  loss: 0.0553
2023/06/11 18:20:31 - mmengine - INFO - Exp name: mcls_fruit_resnet50_20230611_175643
2023/06/11 18:20:38 - mmengine - INFO - Epoch(train)  [92][100/194]  lr: 1.0000e-05  eta: 0:02:06  time: 0.0762  data_time: 0.0009  memory: 1281  loss: 0.0661
2023/06/11 18:20:46 - mmengine - INFO - Exp name: mcls_fruit_resnet50_20230611_175643
2023/06/11 18:20:53 - mmengine - INFO - Epoch(train)  [93][100/194]  lr: 1.0000e-05  eta: 0:01:51  time: 0.0786  data_time: 0.0009  memory: 1281  loss: 0.0415
2023/06/11 18:20:57 - mmengine - INFO - Exp name: mcls_fruit_resnet50_20230611_175643
2023/06/11 18:21:01 - mmengine - INFO - Exp name: mcls_fruit_resnet50_20230611_175643
2023/06/11 18:21:08 - mmengine - INFO - Epoch(train)  [94][100/194]  lr: 1.0000e-05  eta: 0:01:36  time: 0.0760  data_time: 0.0009  memory: 1281  loss: 0.1074
2023/06/11 18:21:16 - mmengine - INFO - Exp name: mcls_fruit_resnet50_20230611_175643
2023/06/11 18:21:24 - mmengine - INFO - Epoch(train)  [95][100/194]  lr: 1.0000e-05  eta: 0:01:21  time: 0.0873  data_time: 0.0009  memory: 1281  loss: 0.0358
2023/06/11 18:21:31 - mmengine - INFO - Exp name: mcls_fruit_resnet50_20230611_175643
2023/06/11 18:21:32 - mmengine - INFO - Epoch(val)  [95][100/148]    eta: 0:00:00  time: 0.0141  data_time: 0.0003  memory: 1281  
2023/06/11 18:21:33 - mmengine - INFO - Epoch(val) [95][148/148]    accuracy/top1: 92.9054  accuracy/top5: 99.6622  data_time: 0.0009  time: 0.0133
2023/06/11 18:21:41 - mmengine - INFO - Epoch(train)  [96][100/194]  lr: 1.0000e-05  eta: 0:01:06  time: 0.0793  data_time: 0.0010  memory: 1281  loss: 0.0485
2023/06/11 18:21:48 - mmengine - INFO - Exp name: mcls_fruit_resnet50_20230611_175643
2023/06/11 18:21:56 - mmengine - INFO - Epoch(train)  [97][100/194]  lr: 1.0000e-05  eta: 0:00:51  time: 0.0762  data_time: 0.0009  memory: 1281  loss: 0.0367
2023/06/11 18:22:03 - mmengine - INFO - Exp name: mcls_fruit_resnet50_20230611_175643
2023/06/11 18:22:11 - mmengine - INFO - Epoch(train)  [98][100/194]  lr: 1.0000e-05  eta: 0:00:36  time: 0.0763  data_time: 0.0008  memory: 1281  loss: 0.0161
2023/06/11 18:22:17 - mmengine - INFO - Exp name: mcls_fruit_resnet50_20230611_175643
2023/06/11 18:22:18 - mmengine - INFO - Exp name: mcls_fruit_resnet50_20230611_175643
2023/06/11 18:22:26 - mmengine - INFO - Epoch(train)  [99][100/194]  lr: 1.0000e-05  eta: 0:00:22  time: 0.0757  data_time: 0.0009  memory: 1281  loss: 0.0487
2023/06/11 18:22:33 - mmengine - INFO - Exp name: mcls_fruit_resnet50_20230611_175643
2023/06/11 18:22:40 - mmengine - INFO - Epoch(train) [100][100/194]  lr: 1.0000e-05  eta: 0:00:07  time: 0.0774  data_time: 0.0009  memory: 1281  loss: 0.0387
2023/06/11 18:22:48 - mmengine - INFO - Exp name: mcls_fruit_resnet50_20230611_175643
2023/06/11 18:22:48 - mmengine - INFO - Saving checkpoint at 100 epochs
2023/06/11 18:22:50 - mmengine - INFO - Epoch(val) [100][100/148]    eta: 0:00:00  time: 0.0113  data_time: 0.0003  memory: 1281  
2023/06/11 18:22:51 - mmengine - INFO - Epoch(val) [100][148/148]    accuracy/top1: 92.7365  accuracy/top5: 99.4932  data_time: 0.0016  time: 0.0125
